<?xml version="1.0" encoding="UTF-8"?>
<testng-results skipped="0" failed="0" total="1" passed="1">
  <reporter-output>
  </reporter-output>
  <suite name="Suite" duration-ms="23774" started-at="2019-12-07T22:26:06Z" finished-at="2019-12-07T22:26:30Z">
    <groups>
    </groups>
    <test name="TestNG_Formulario" duration-ms="23774" started-at="2019-12-07T22:26:06Z" finished-at="2019-12-07T22:26:30Z">
      <class name="Test.TestFormulario">
        <test-method status="PASS" signature="setUp()[pri:0, instance:Test.TestFormulario@1610302]" name="setUp" is-config="true" duration-ms="5191" started-at="2019-12-07T17:26:06Z" finished-at="2019-12-07T17:26:11Z">
          <reporter-output>
          </reporter-output>
        </test-method> <!-- setUp -->
        <test-method status="PASS" signature="RegistrarFormulario(java.lang.String, java.lang.String, java.lang.String, java.lang.String, java.lang.String, java.lang.String, java.lang.String)[pri:0, instance:Test.TestFormulario@1610302]" name="RegistrarFormulario" duration-ms="17565" started-at="2019-12-07T17:26:12Z" data-provider="getTestData" finished-at="2019-12-07T17:26:30Z">
          <params>
            <param index="0">
              <value>
                <![CDATA[Alex López]]>
              </value>
            </param>
            <param index="1">
              <value>
                <![CDATA[lopcos@gmail.com]]>
              </value>
            </param>
            <param index="2">
              <value>
                <![CDATA[02-May-1983]]>
              </value>
            </param>
            <param index="3">
              <value>
                <![CDATA[Hombre]]>
              </value>
            </param>
            <param index="4">
              <value>
                <![CDATA[Leer Libro]]>
              </value>
            </param>
            <param index="5">
              <value>
                <![CDATA[Carabayllo]]>
              </value>
            </param>
            <param index="6">
              <value>
                <![CDATA[Registro de Prueba 1]]>
              </value>
            </param>
          </params>
          <reporter-output>
          </reporter-output>
        </test-method> <!-- RegistrarFormulario -->
        <test-method status="PASS" signature="tearDown()[pri:0, instance:Test.TestFormulario@1610302]" name="tearDown" is-config="true" duration-ms="0" started-at="2019-12-07T17:26:30Z" finished-at="2019-12-07T17:26:30Z">
          <reporter-output>
          </reporter-output>
        </test-method> <!-- tearDown -->
      </class> <!-- Test.TestFormulario -->
    </test> <!-- TestNG_Formulario -->
  </suite> <!-- Suite -->
</testng-results>
